<?xml version="1.0" encoding="UTF-8"?>
<testng-results skipped="0" failed="0" ignored="0" total="5" passed="5">
  <reporter-output>
  </reporter-output>
  <suite name="Default suite" duration-ms="64192" started-at="2018-11-22T13:56:24Z" finished-at="2018-11-22T13:57:28Z">
    <groups>
    </groups>
    <test name="Default test" duration-ms="64192" started-at="2018-11-22T13:56:24Z" finished-at="2018-11-22T13:57:28Z">
      <class name="assessment.com.App">
        <test-method status="PASS" signature="NavigateToWebTables()[pri:0, instance:assessment.com.App@4686afc2]" name="NavigateToWebTables" duration-ms="3825" started-at="2018-11-22T13:56:24Z" finished-at="2018-11-22T13:56:28Z">
          <reporter-output>
          </reporter-output>
        </test-method> <!-- NavigateToWebTables -->
        <test-method status="PASS" signature="ValidateUrlNavigation()[pri:1, instance:assessment.com.App@4686afc2]" name="ValidateUrlNavigation" duration-ms="31" started-at="2018-11-22T13:56:28Z" finished-at="2018-11-22T13:56:28Z">
          <reporter-output>
          </reporter-output>
        </test-method> <!-- ValidateUrlNavigation -->
        <test-method status="PASS" signature="ClickAddUser()[pri:2, instance:assessment.com.App@4686afc2]" name="ClickAddUser" duration-ms="272" started-at="2018-11-22T13:56:28Z" finished-at="2018-11-22T13:56:28Z">
          <reporter-output>
          </reporter-output>
        </test-method> <!-- ClickAddUser -->
        <test-method status="PASS" signature="AddUsers()[pri:3, instance:assessment.com.App@4686afc2]" name="AddUsers" duration-ms="59661" started-at="2018-11-22T13:56:28Z" finished-at="2018-11-22T13:57:28Z">
          <reporter-output>
          </reporter-output>
        </test-method> <!-- AddUsers -->
        <test-method status="PASS" signature="VerifyUserAddition()[pri:4, instance:assessment.com.App@4686afc2]" name="VerifyUserAddition" duration-ms="362" started-at="2018-11-22T13:57:28Z" finished-at="2018-11-22T13:57:28Z">
          <reporter-output>
          </reporter-output>
        </test-method> <!-- VerifyUserAddition -->
      </class> <!-- assessment.com.App -->
    </test> <!-- Default test -->
  </suite> <!-- Default suite -->
</testng-results>
